Using pre-set license
Built from '2020.3/staging' branch; Version is '2020.3.0f1 (c7b5465681fb) revision 13088070'; Using compiler version '192528614'; Build Type 'Release'
OS: 'Windows 10 Pro; OS build 19042.867; Version 2009; 64bit' Language: 'es' Physical Memory: 16315 MB
BatchMode: 1, IsHumanControllingUs: 0, StartBugReporterOnCrash: 0, Is64bit: 1, IsPro: 0

 COMMAND LINE ARGUMENTS:
E:\Programas Instalados\2020.3.0f1\Editor\Unity.exe
-adb2
-batchMode
-noUpm
-name
AssetImportWorker0
-projectPath
E:/I-2021/MATERIAS/REALIDAD_AUMENTADA/ExamenPracticoAM
-logFile
Logs/AssetImportWorker0.log
-srvPort
1296
Successfully changed project path to: E:/I-2021/MATERIAS/REALIDAD_AUMENTADA/ExamenPracticoAM
E:/I-2021/MATERIAS/REALIDAD_AUMENTADA/ExamenPracticoAM
Using Asset Import Pipeline V2.
Refreshing native plugins compatible for Editor in 94.89 ms, found 0 plugins.
Preloading 0 native plugins for Editor in 0.00 ms.
Initialize engine version: 2020.3.0f1 (c7b5465681fb)
[Subsystems] Discovering subsystems at path E:/Programas Instalados/2020.3.0f1/Editor/Data/Resources/UnitySubsystems
[Subsystems] Discovering subsystems at path E:/I-2021/MATERIAS/REALIDAD_AUMENTADA/ExamenPracticoAM/Assets
GfxDevice: creating device client; threaded=0
Direct3D:
    Version:  Direct3D 11.0 [level 11.0]
    Renderer: NVIDIA Quadro K4000M (ID=0x11bd)
    Vendor:   
    VRAM:     4052 MB
    Driver:   25.21.14.2625
Initialize mono
Mono path[0] = 'E:/Programas Instalados/2020.3.0f1/Editor/Data/Managed'
Mono path[1] = 'E:/Programas Instalados/2020.3.0f1/Editor/Data/MonoBleedingEdge/lib/mono/unityjit'
Mono config path = 'E:/Programas Instalados/2020.3.0f1/Editor/Data/MonoBleedingEdge/etc'
Using monoOptions --debugger-agent=transport=dt_socket,embedding=1,server=y,suspend=n,address=127.0.0.1:56016
Begin MonoManager ReloadAssembly
Registering precompiled unity dll's ...
Register platform support module: E:/Programas Instalados/2020.3.0f1/Editor/Data/PlaybackEngines/WindowsStandaloneSupport/UnityEditor.WindowsStandalone.Extensions.dll
Registered in 0.002630 seconds.
Native extension for WindowsStandalone target not found
Refreshing native plugins compatible for Editor in 46.28 ms, found 0 plugins.
Preloading 0 native plugins for Editor in 0.00 ms.
Invoked RoslynAnalysisRunner static constructor.
RoslynAnalysisRunner will not be running.
RoslynAnalysisRunner has terminated.
Mono: successfully reloaded assembly
- Completed reload, in 10.867 seconds
Platform modules already initialized, skipping
Registering precompiled user dll's ...
Registered in 0.001517 seconds.
Begin MonoManager ReloadAssembly
Native extension for WindowsStandalone target not found
Refreshing native plugins compatible for Editor in 0.41 ms, found 0 plugins.
Preloading 0 native plugins for Editor in 0.00 ms.
Invoked RoslynAnalysisRunner static constructor.
RoslynAnalysisRunner will not be running.
RoslynAnalysisRunner has terminated.
Mono: successfully reloaded assembly
- Completed reload, in  1.827 seconds
Platform modules already initialized, skipping
========================================================================
Worker process is ready to serve import requests
Launched and connected shader compiler UnityShaderCompiler.exe after 0.13 seconds
Refreshing native plugins compatible for Editor in 0.60 ms, found 0 plugins.
Preloading 0 native plugins for Editor in 0.00 ms.
Unloading 1436 Unused Serialized files (Serialized files now loaded: 0)
System memory in use before: 66.5 MB.
System memory in use after: 66.6 MB.

Unloading 12 unused Assets to reduce memory usage. Loaded Objects now: 1878.
Total: 5.103200 ms (FindLiveObjects: 0.433900 ms CreateObjectMapping: 0.236600 ms MarkObjects: 4.247200 ms  DeleteObjects: 0.182400 ms)

========================================================================
Received Import Request.
  path: Assets/AR Default Plane.prefab
  artifactKey: Guid(760d49e6b03d0aa46b7a8e04f6b1e837) Importer(815301076,1909f56bfc062723c751e8b465ee728b)
Start importing Assets/AR Default Plane.prefab using Guid(760d49e6b03d0aa46b7a8e04f6b1e837) Importer(815301076,1909f56bfc062723c751e8b465ee728b)  -> (artifact id: '086ab9e9c90f06ed5f1b0abbe8a7b561') in 0.234256 seconds
  Import took 0.238776 seconds .

========================================================================
Received Import Request.
  Time since last request: 483.762778 seconds.
  path: ProjectSettings/TagManager.asset
  artifactKey: Guid(00000000000000003000000000000000) Importer(815301076,1909f56bfc062723c751e8b465ee728b)
Start importing ProjectSettings/TagManager.asset using Guid(00000000000000003000000000000000) Importer(815301076,1909f56bfc062723c751e8b465ee728b)  -> (artifact id: 'e58c32c74971579209c983feef23e212') in 0.018427 seconds
  Import took 0.023698 seconds .

========================================================================
Received Import Request.
  Time since last request: 0.001467 seconds.
  path: ProjectSettings/TagManager.asset
  artifactKey: Guid(00000000000000003000000000000000) Importer(815301076,1909f56bfc062723c751e8b465ee728b)
Start importing ProjectSettings/TagManager.asset using Guid(00000000000000003000000000000000) Importer(815301076,1909f56bfc062723c751e8b465ee728b)  -> (artifact id: 'e58c32c74971579209c983feef23e212') in 0.004986 seconds
  Import took 0.009176 seconds .

========================================================================
Received Import Request.
  Time since last request: 92.403788 seconds.
  path: Assets
  artifactKey: Guid(00000000000000001000000000000000) Importer(815301076,1909f56bfc062723c751e8b465ee728b)
Start importing Assets using Guid(00000000000000001000000000000000) Importer(815301076,1909f56bfc062723c751e8b465ee728b)  -> (artifact id: '42baae205c97e3337697759514652acd') in 0.012249 seconds
  Import took 0.024991 seconds .

========================================================================
Received Prepare
Registering precompiled user dll's ...
Registered in 0.003506 seconds.
Begin MonoManager ReloadAssembly
Native extension for WindowsStandalone target not found
Refreshing native plugins compatible for Editor in 0.68 ms, found 0 plugins.
Preloading 0 native plugins for Editor in 0.00 ms.
Invoked RoslynAnalysisRunner static constructor.
RoslynAnalysisRunner will not be running.
RoslynAnalysisRunner has terminated.
Mono: successfully reloaded assembly
- Completed reload, in  3.173 seconds
Platform modules already initialized, skipping
Switching build target platform(5) subTarget(0) extendedPlatform(0) -> platform(13) subTarget(524288) extendedPlatform(0)
Refreshing native plugins compatible for Editor in 0.53 ms, found 0 plugins.
Preloading 0 native plugins for Editor in 0.00 ms.
Unloading 1431 Unused Serialized files (Serialized files now loaded: 0)
System memory in use before: 66.3 MB.
System memory in use after: 66.4 MB.

Unloading 9 unused Assets to reduce memory usage. Loaded Objects now: 1883.
Total: 5.049900 ms (FindLiveObjects: 0.430600 ms CreateObjectMapping: 0.215200 ms MarkObjects: 4.255200 ms  DeleteObjects: 0.144500 ms)

AssetImportParameters requested are different than current active one (requested -> active):
  custom:graphics/normal-map-encoding: 01000000000000000000000000000000 -> 02000000000000000000000000000000
========================================================================
Received Import Request.
  Time since last request: 25.076857 seconds.
  path: Assets/NewBehaviourScript.cs
  artifactKey: Guid(e6fe3879d05c06b4eaa839314fff0bbe) Importer(815301076,1909f56bfc062723c751e8b465ee728b)
Start importing Assets/NewBehaviourScript.cs using Guid(e6fe3879d05c06b4eaa839314fff0bbe) Importer(815301076,1909f56bfc062723c751e8b465ee728b)  -> (artifact id: '1bc75a65a27abf42f7fcf83f750c6660') in 0.015932 seconds
  Import took 0.021013 seconds .

========================================================================
Received Import Request.
  Time since last request: 32.106277 seconds.
  path: Assets/SpawnableManager.cs
  artifactKey: Guid(e6fe3879d05c06b4eaa839314fff0bbe) Importer(815301076,1909f56bfc062723c751e8b465ee728b)
Start importing Assets/SpawnableManager.cs using Guid(e6fe3879d05c06b4eaa839314fff0bbe) Importer(815301076,1909f56bfc062723c751e8b465ee728b)  -> (artifact id: '0369f4b0da529d9fe8e8a08feaf1804e') in 0.005008 seconds
  Import took 0.009826 seconds .

========================================================================
Received Prepare
Registering precompiled user dll's ...
Registered in 0.001455 seconds.
Begin MonoManager ReloadAssembly
Native extension for WindowsStandalone target not found
Refreshing native plugins compatible for Editor in 0.36 ms, found 0 plugins.
Preloading 0 native plugins for Editor in 0.00 ms.
Invoked RoslynAnalysisRunner static constructor.
RoslynAnalysisRunner will not be running.
RoslynAnalysisRunner has terminated.
Mono: successfully reloaded assembly
- Completed reload, in  1.865 seconds
Platform modules already initialized, skipping
Switching build target platform(5) subTarget(0) extendedPlatform(0) -> platform(13) subTarget(524288) extendedPlatform(0)
Refreshing native plugins compatible for Editor in 0.44 ms, found 0 plugins.
Preloading 0 native plugins for Editor in 0.00 ms.
Unloading 1431 Unused Serialized files (Serialized files now loaded: 0)
System memory in use before: 66.3 MB.
System memory in use after: 66.4 MB.

Unloading 7 unused Assets to reduce memory usage. Loaded Objects now: 1887.
Total: 2.259400 ms (FindLiveObjects: 0.293000 ms CreateObjectMapping: 0.062500 ms MarkObjects: 1.825600 ms  DeleteObjects: 0.076100 ms)

AssetImportParameters requested are different than current active one (requested -> active):
  custom:graphics/normal-map-encoding: 01000000000000000000000000000000 -> 02000000000000000000000000000000
========================================================================
Received Prepare
Registering precompiled user dll's ...
Registered in 0.002011 seconds.
Begin MonoManager ReloadAssembly
Native extension for WindowsStandalone target not found
Refreshing native plugins compatible for Editor in 1.23 ms, found 0 plugins.
Preloading 0 native plugins for Editor in 0.00 ms.
Invoked RoslynAnalysisRunner static constructor.
RoslynAnalysisRunner will not be running.
RoslynAnalysisRunner has terminated.
Mono: successfully reloaded assembly
- Completed reload, in  1.879 seconds
Platform modules already initialized, skipping
Switching build target platform(5) subTarget(0) extendedPlatform(0) -> platform(13) subTarget(524288) extendedPlatform(0)
Refreshing native plugins compatible for Editor in 0.37 ms, found 0 plugins.
Preloading 0 native plugins for Editor in 0.00 ms.
Unloading 1432 Unused Serialized files (Serialized files now loaded: 0)
System memory in use before: 66.4 MB.
System memory in use after: 66.4 MB.

Unloading 7 unused Assets to reduce memory usage. Loaded Objects now: 1892.
Total: 3.066500 ms (FindLiveObjects: 0.224700 ms CreateObjectMapping: 0.107400 ms MarkObjects: 2.598300 ms  DeleteObjects: 0.131000 ms)

AssetImportParameters requested are different than current active one (requested -> active):
  custom:graphics/normal-map-encoding: 01000000000000000000000000000000 -> 02000000000000000000000000000000
========================================================================
Received Import Request.
  Time since last request: 312.474737 seconds.
  path: Assets/scr.cs
  artifactKey: Guid(209c72a7792840c418c9b3f40b87e51d) Importer(815301076,1909f56bfc062723c751e8b465ee728b)
Start importing Assets/scr.cs using Guid(209c72a7792840c418c9b3f40b87e51d) Importer(815301076,1909f56bfc062723c751e8b465ee728b)  -> (artifact id: 'dd1cb1e8815f1922f7d9efc365f1a38c') in 0.009214 seconds
  Import took 0.012192 seconds .

========================================================================
Received Prepare
Registering precompiled user dll's ...
Registered in 0.014101 seconds.
Begin MonoManager ReloadAssembly
Native extension for WindowsStandalone target not found
Refreshing native plugins compatible for Editor in 0.47 ms, found 0 plugins.
Preloading 0 native plugins for Editor in 0.00 ms.
Invoked RoslynAnalysisRunner static constructor.
RoslynAnalysisRunner will not be running.
RoslynAnalysisRunner has terminated.
Mono: successfully reloaded assembly
- Completed reload, in  1.677 seconds
Platform modules already initialized, skipping
Switching build target platform(5) subTarget(0) extendedPlatform(0) -> platform(13) subTarget(524288) extendedPlatform(0)
Refreshing native plugins compatible for Editor in 0.36 ms, found 0 plugins.
Preloading 0 native plugins for Editor in 0.00 ms.
Unloading 1431 Unused Serialized files (Serialized files now loaded: 0)
System memory in use before: 66.4 MB.
System memory in use after: 66.4 MB.

Unloading 8 unused Assets to reduce memory usage. Loaded Objects now: 1895.
Total: 3.503800 ms (FindLiveObjects: 0.497100 ms CreateObjectMapping: 0.230100 ms MarkObjects: 2.660500 ms  DeleteObjects: 0.112000 ms)

AssetImportParameters requested are different than current active one (requested -> active):
  custom:graphics/normal-map-encoding: 01000000000000000000000000000000 -> 02000000000000000000000000000000
========================================================================
Received Import Request.
  Time since last request: 698.552421 seconds.
  path: Assets/SpawnableManager.cs
  artifactKey: Guid(e6fe3879d05c06b4eaa839314fff0bbe) Importer(815301076,1909f56bfc062723c751e8b465ee728b)
Start importing Assets/SpawnableManager.cs using Guid(e6fe3879d05c06b4eaa839314fff0bbe) Importer(815301076,1909f56bfc062723c751e8b465ee728b)  -> (artifact id: '5e7fedee4356973f5f42e99303897461') in 0.013559 seconds
  Import took 0.023025 seconds .

========================================================================
Received Import Request.
  Time since last request: 0.045977 seconds.
  path: Assets/SpawnableManager.cs
  artifactKey: Guid(e6fe3879d05c06b4eaa839314fff0bbe) Importer(815301076,1909f56bfc062723c751e8b465ee728b)
Start importing Assets/SpawnableManager.cs using Guid(e6fe3879d05c06b4eaa839314fff0bbe) Importer(815301076,1909f56bfc062723c751e8b465ee728b)  -> (artifact id: '5e7fedee4356973f5f42e99303897461') in 0.004938 seconds
  Import took 0.008702 seconds .

========================================================================
Received Import Request.
  Time since last request: 23.997294 seconds.
  path: Assets/SpawnableManager.cs
  artifactKey: Guid(e6fe3879d05c06b4eaa839314fff0bbe) Importer(815301076,1909f56bfc062723c751e8b465ee728b)
Start importing Assets/SpawnableManager.cs using Guid(e6fe3879d05c06b4eaa839314fff0bbe) Importer(815301076,1909f56bfc062723c751e8b465ee728b)  -> (artifact id: '59f7cfb457d614019590cac0bb48bd5f') in 0.011525 seconds
  Import took 0.018181 seconds .

========================================================================
Received Import Request.
  Time since last request: 62.042768 seconds.
  path: Assets/SpawnableManager.cs
  artifactKey: Guid(e6fe3879d05c06b4eaa839314fff0bbe) Importer(815301076,1909f56bfc062723c751e8b465ee728b)
Start importing Assets/SpawnableManager.cs using Guid(e6fe3879d05c06b4eaa839314fff0bbe) Importer(815301076,1909f56bfc062723c751e8b465ee728b)  -> (artifact id: 'fa4faa554ffc4370822e9174b25de0ae') in 0.006988 seconds
  Import took 0.015504 seconds .

========================================================================
Received Import Request.
  Time since last request: 132.262383 seconds.
  path: Assets/SpawnableManager.cs
  artifactKey: Guid(e6fe3879d05c06b4eaa839314fff0bbe) Importer(815301076,1909f56bfc062723c751e8b465ee728b)
Start importing Assets/SpawnableManager.cs using Guid(e6fe3879d05c06b4eaa839314fff0bbe) Importer(815301076,1909f56bfc062723c751e8b465ee728b)  -> (artifact id: '8b12a3c17e062252f6e93101dc9aa2ee') in 0.029087 seconds
  Import took 0.049941 seconds .

========================================================================
Received Import Request.
  Time since last request: 93.249078 seconds.
  path: Assets/SpawnableManager.cs
  artifactKey: Guid(e6fe3879d05c06b4eaa839314fff0bbe) Importer(815301076,1909f56bfc062723c751e8b465ee728b)
Start importing Assets/SpawnableManager.cs using Guid(e6fe3879d05c06b4eaa839314fff0bbe) Importer(815301076,1909f56bfc062723c751e8b465ee728b)  -> (artifact id: '8523cb8aa14ac371d870be8d14b9a2d7') in 0.022789 seconds
  Import took 0.035163 seconds .

========================================================================
Received Import Request.
  Time since last request: 77.762587 seconds.
  path: Assets/SpawnableManager.cs
  artifactKey: Guid(e6fe3879d05c06b4eaa839314fff0bbe) Importer(815301076,1909f56bfc062723c751e8b465ee728b)
Start importing Assets/SpawnableManager.cs using Guid(e6fe3879d05c06b4eaa839314fff0bbe) Importer(815301076,1909f56bfc062723c751e8b465ee728b)  -> (artifact id: '6d77ba6861caee83a2dc690c8f95be77') in 0.008903 seconds
  Import took 0.023742 seconds .

========================================================================
Received Import Request.
  Time since last request: 24.490840 seconds.
  path: Assets/SpawnableManager.cs
  artifactKey: Guid(e6fe3879d05c06b4eaa839314fff0bbe) Importer(815301076,1909f56bfc062723c751e8b465ee728b)
Start importing Assets/SpawnableManager.cs using Guid(e6fe3879d05c06b4eaa839314fff0bbe) Importer(815301076,1909f56bfc062723c751e8b465ee728b)  -> (artifact id: '16ca3f9aa85cff78bcdb880f16bc058c') in 0.013728 seconds
  Import took 0.042343 seconds .

========================================================================
Received Import Request.
  Time since last request: 62.310551 seconds.
  path: Assets/SpawnableManager.cs
  artifactKey: Guid(e6fe3879d05c06b4eaa839314fff0bbe) Importer(815301076,1909f56bfc062723c751e8b465ee728b)
Start importing Assets/SpawnableManager.cs using Guid(e6fe3879d05c06b4eaa839314fff0bbe) Importer(815301076,1909f56bfc062723c751e8b465ee728b)  -> (artifact id: 'd33a7ef9183f398739a4e7bd5359e9ad') in 0.022129 seconds
  Import took 0.029157 seconds .

========================================================================
Received Prepare
Registering precompiled user dll's ...
Registered in 0.001372 seconds.
Begin MonoManager ReloadAssembly
Native extension for WindowsStandalone target not found
Refreshing native plugins compatible for Editor in 0.36 ms, found 0 plugins.
Preloading 0 native plugins for Editor in 0.00 ms.
Invoked RoslynAnalysisRunner static constructor.
RoslynAnalysisRunner will not be running.
RoslynAnalysisRunner has terminated.
Mono: successfully reloaded assembly
- Completed reload, in  1.690 seconds
Platform modules already initialized, skipping
Switching build target platform(5) subTarget(0) extendedPlatform(0) -> platform(13) subTarget(524288) extendedPlatform(0)
Refreshing native plugins compatible for Editor in 0.46 ms, found 0 plugins.
Preloading 0 native plugins for Editor in 0.00 ms.
Unloading 1431 Unused Serialized files (Serialized files now loaded: 0)
System memory in use before: 66.4 MB.
System memory in use after: 66.5 MB.

Unloading 7 unused Assets to reduce memory usage. Loaded Objects now: 1899.
Total: 3.190200 ms (FindLiveObjects: 0.234100 ms CreateObjectMapping: 0.103300 ms MarkObjects: 2.647400 ms  DeleteObjects: 0.203100 ms)

AssetImportParameters requested are different than current active one (requested -> active):
  custom:graphics/normal-map-encoding: 01000000000000000000000000000000 -> 02000000000000000000000000000000
========================================================================
Received Import Request.
  Time since last request: 36.685788 seconds.
  path: Assets/SpawnableManager.cs
  artifactKey: Guid(e6fe3879d05c06b4eaa839314fff0bbe) Importer(815301076,1909f56bfc062723c751e8b465ee728b)
Start importing Assets/SpawnableManager.cs using Guid(e6fe3879d05c06b4eaa839314fff0bbe) Importer(815301076,1909f56bfc062723c751e8b465ee728b)  -> (artifact id: '441964e3f1b663b4fff4500781b24627') in 0.007360 seconds
  Import took 0.010978 seconds .

========================================================================
Received Prepare
Refreshing native plugins compatible for Editor in 3.43 ms, found 0 plugins.
Preloading 0 native plugins for Editor in 0.00 ms.
Unloading 4 Unused Serialized files (Serialized files now loaded: 0)
System memory in use before: 37.9 MB.
System memory in use after: 38.0 MB.

Unloading 3 unused Assets to reduce memory usage. Loaded Objects now: 1900.
Total: 9.532100 ms (FindLiveObjects: 0.571200 ms CreateObjectMapping: 0.514300 ms MarkObjects: 8.326800 ms  DeleteObjects: 0.115900 ms)

========================================================================
Received Prepare
Refreshing native plugins compatible for Editor in 2.38 ms, found 0 plugins.
Preloading 0 native plugins for Editor in 0.00 ms.
Unloading 3 Unused Serialized files (Serialized files now loaded: 0)
System memory in use before: 37.8 MB.
System memory in use after: 37.9 MB.

Unloading 3 unused Assets to reduce memory usage. Loaded Objects now: 1900.
Total: 12.640400 ms (FindLiveObjects: 0.517200 ms CreateObjectMapping: 0.184100 ms MarkObjects: 11.655000 ms  DeleteObjects: 0.280200 ms)

========================================================================
Received Import Request.
  Time since last request: 744.009843 seconds.
  path: Assets/Toon Furniture
  artifactKey: Guid(4bf2ee18f67fdff489c255408a72dbad) Importer(815301076,1909f56bfc062723c751e8b465ee728b)
Start importing Assets/Toon Furniture using Guid(4bf2ee18f67fdff489c255408a72dbad) Importer(815301076,1909f56bfc062723c751e8b465ee728b)  -> (artifact id: 'd6e0a458f29f7cd516ca0c0d7e56794b') in 0.016365 seconds
  Import took 0.025508 seconds .

========================================================================
Received Import Request.
  Time since last request: 0.874171 seconds.
  path: Assets/Toon Furniture/Prefabs
  artifactKey: Guid(e7386da458e0dd34692fe7dabe25853b) Importer(815301076,1909f56bfc062723c751e8b465ee728b)
Start importing Assets/Toon Furniture/Prefabs using Guid(e7386da458e0dd34692fe7dabe25853b) Importer(815301076,1909f56bfc062723c751e8b465ee728b)  -> (artifact id: '668c892c0681e2565cbc5433eb853da3') in 0.064179 seconds
  Import took 0.074525 seconds .

========================================================================
Received Import Request.
  Time since last request: 0.000156 seconds.
  path: Assets/Toon Furniture/Prefabs/Books_1_1.prefab
  artifactKey: Guid(dd63c090f4a9ca84a90829fa533a1889) Importer(815301076,1909f56bfc062723c751e8b465ee728b)
Start importing Assets/Toon Furniture/Prefabs/Books_1_1.prefab using Guid(dd63c090f4a9ca84a90829fa533a1889) Importer(815301076,1909f56bfc062723c751e8b465ee728b)  -> (artifact id: 'a46077a02ae66c3cfd3296aa26235de8') in 0.110940 seconds
  Import took 0.129147 seconds .

========================================================================
Received Import Request.
  Time since last request: 0.000565 seconds.
  path: Assets/Toon Furniture/Prefabs/CoffeTable_3.prefab
  artifactKey: Guid(84b3095a92ec27d448532647a747bbf9) Importer(815301076,1909f56bfc062723c751e8b465ee728b)
Start importing Assets/Toon Furniture/Prefabs/CoffeTable_3.prefab using Guid(84b3095a92ec27d448532647a747bbf9) Importer(815301076,1909f56bfc062723c751e8b465ee728b)  -> (artifact id: 'e3982d448845e390f8b3e5e36261a615') in 0.020345 seconds
  Import took 0.026262 seconds .

========================================================================
Received Import Request.
  Time since last request: 0.000432 seconds.
  path: Assets/Toon Furniture/Prefabs/Chair_5.prefab
  artifactKey: Guid(094b1ce88c26fa145ae8b34a1712b67e) Importer(815301076,1909f56bfc062723c751e8b465ee728b)
Start importing Assets/Toon Furniture/Prefabs/Chair_5.prefab using Guid(094b1ce88c26fa145ae8b34a1712b67e) Importer(815301076,1909f56bfc062723c751e8b465ee728b)  -> (artifact id: '841c157aaeb8f81f1dba024dc62bf671') in 0.011718 seconds
  Import took 0.017357 seconds .

========================================================================
Received Import Request.
  Time since last request: 0.000958 seconds.
  path: Assets/Toon Furniture/Prefabs/Cooker_1.prefab
  artifactKey: Guid(c52450844cbe82d4b8e23d3c84431f3c) Importer(815301076,1909f56bfc062723c751e8b465ee728b)
Start importing Assets/Toon Furniture/Prefabs/Cooker_1.prefab using Guid(c52450844cbe82d4b8e23d3c84431f3c) Importer(815301076,1909f56bfc062723c751e8b465ee728b)  -> (artifact id: 'dc26ebe5a13a8ec68118545a7632e590') in 0.023953 seconds
  Import took 0.040966 seconds .

========================================================================
Received Import Request.
  Time since last request: 0.000445 seconds.
  path: Assets/Toon Furniture/Prefabs/Ball_1.prefab
  artifactKey: Guid(4945551f5e101604ab8cd71442e62a7e) Importer(815301076,1909f56bfc062723c751e8b465ee728b)
Start importing Assets/Toon Furniture/Prefabs/Ball_1.prefab using Guid(4945551f5e101604ab8cd71442e62a7e) Importer(815301076,1909f56bfc062723c751e8b465ee728b)  -> (artifact id: '730a89c496b467b4b7047dfc72fe11d5') in 0.020581 seconds
  Import took 0.026774 seconds .

========================================================================
Received Import Request.
  Time since last request: 0.000436 seconds.
  path: Assets/Toon Furniture/Prefabs/Chair_4.prefab
  artifactKey: Guid(f4361284dc70ab044b5b3d136b00d8d1) Importer(815301076,1909f56bfc062723c751e8b465ee728b)
Start importing Assets/Toon Furniture/Prefabs/Chair_4.prefab using Guid(f4361284dc70ab044b5b3d136b00d8d1) Importer(815301076,1909f56bfc062723c751e8b465ee728b)  -> (artifact id: '616e7c1180bf50dbe83b092aa0fd2b8a') in 0.009922 seconds
  Import took 0.024228 seconds .

========================================================================
Received Import Request.
  Time since last request: 0.000526 seconds.
  path: Assets/Toon Furniture/Prefabs/Couch_2.prefab
  artifactKey: Guid(eb6a9e1981932144d8dfe0055c6c90f1) Importer(815301076,1909f56bfc062723c751e8b465ee728b)
Start importing Assets/Toon Furniture/Prefabs/Couch_2.prefab using Guid(eb6a9e1981932144d8dfe0055c6c90f1) Importer(815301076,1909f56bfc062723c751e8b465ee728b)  -> (artifact id: 'e63a414f8304dd6b80d2c25ecc263c99') in 0.029811 seconds
  Import took 0.044154 seconds .

========================================================================
Received Import Request.
  Time since last request: 0.000196 seconds.
  path: Assets/Toon Furniture/Prefabs/Chair_9.prefab
  artifactKey: Guid(b006dd3bb62abd14a83157791fb647ec) Importer(815301076,1909f56bfc062723c751e8b465ee728b)
Start importing Assets/Toon Furniture/Prefabs/Chair_9.prefab using Guid(b006dd3bb62abd14a83157791fb647ec) Importer(815301076,1909f56bfc062723c751e8b465ee728b)  -> (artifact id: '063b6188e69d8dcd1d1a2e785150bb14') in 0.012415 seconds
  Import took 0.021033 seconds .

========================================================================
Received Import Request.
  Time since last request: 0.000508 seconds.
  path: Assets/Toon Furniture/Prefabs/Books_1_4.prefab
  artifactKey: Guid(569b91127553a1041a6d6aa2e81bf80d) Importer(815301076,1909f56bfc062723c751e8b465ee728b)
Start importing Assets/Toon Furniture/Prefabs/Books_1_4.prefab using Guid(569b91127553a1041a6d6aa2e81bf80d) Importer(815301076,1909f56bfc062723c751e8b465ee728b)  -> (artifact id: '59a29d4d6e58a1a125aa2e8f8b777977') in 0.026384 seconds
  Import took 0.049873 seconds .

========================================================================
Received Import Request.
  Time since last request: 0.003012 seconds.
  path: Assets/Toon Furniture/Prefabs/Couch_3.prefab
  artifactKey: Guid(2145aca4677bd374bb41e3f80a5b53d6) Importer(815301076,1909f56bfc062723c751e8b465ee728b)
Start importing Assets/Toon Furniture/Prefabs/Couch_3.prefab using Guid(2145aca4677bd374bb41e3f80a5b53d6) Importer(815301076,1909f56bfc062723c751e8b465ee728b)  -> (artifact id: '780d13c50efd13ee35859b545a55471d') in 0.021388 seconds
  Import took 0.025627 seconds .

========================================================================
Received Import Request.
  Time since last request: 0.000392 seconds.
  path: Assets/Toon Furniture/Prefabs/Pilllow_2.prefab
  artifactKey: Guid(55ee4d169dfcc4b4484fd9ccd27b7764) Importer(815301076,1909f56bfc062723c751e8b465ee728b)
Start importing Assets/Toon Furniture/Prefabs/Pilllow_2.prefab using Guid(55ee4d169dfcc4b4484fd9ccd27b7764) Importer(815301076,1909f56bfc062723c751e8b465ee728b)  -> (artifact id: '68dcea3fea55de991d91929d2eb04cd1') in 0.245053 seconds
  Import took 0.250007 seconds .

========================================================================
Received Import Request.
  Time since last request: 0.000598 seconds.
  path: Assets/Toon Furniture/Prefabs/Queen_Bed_2.prefab
  artifactKey: Guid(f4b6d9b5cf2500e419d8cb4fb82a84eb) Importer(815301076,1909f56bfc062723c751e8b465ee728b)
Start importing Assets/Toon Furniture/Prefabs/Queen_Bed_2.prefab using Guid(f4b6d9b5cf2500e419d8cb4fb82a84eb) Importer(815301076,1909f56bfc062723c751e8b465ee728b)  -> (artifact id: '7d45738056a494d337053443dd26266c') in 0.014439 seconds
  Import took 0.019093 seconds .

========================================================================
Received Import Request.
  Time since last request: 0.000388 seconds.
  path: Assets/Toon Furniture/Prefabs/Chair_3.prefab
  artifactKey: Guid(2bed2b2c0943e36459952282ba5f7292) Importer(815301076,1909f56bfc062723c751e8b465ee728b)
Start importing Assets/Toon Furniture/Prefabs/Chair_3.prefab using Guid(2bed2b2c0943e36459952282ba5f7292) Importer(815301076,1909f56bfc062723c751e8b465ee728b)  -> (artifact id: 'b78548e31f6bf4629bc917cd4bed1c54') in 0.025703 seconds
  Import took 0.030415 seconds .

========================================================================
Received Import Request.
  Time since last request: 0.000171 seconds.
  path: Assets/Toon Furniture/Prefabs/Counter_2_2.prefab
  artifactKey: Guid(0b26924746d6cad4780f9d19829b95b3) Importer(815301076,1909f56bfc062723c751e8b465ee728b)
Start importing Assets/Toon Furniture/Prefabs/Counter_2_2.prefab using Guid(0b26924746d6cad4780f9d19829b95b3) Importer(815301076,1909f56bfc062723c751e8b465ee728b)  -> (artifact id: 'e98ba0f5b4140d2702df07a51f9c6f71') in 0.044367 seconds
  Import took 0.075672 seconds .

========================================================================
Received Import Request.
  Time since last request: 0.002351 seconds.
  path: Assets/Toon Furniture/Prefabs/Queen_Bed_1.prefab
  artifactKey: Guid(10efb94c6bff2ac4ead891c26d371ef4) Importer(815301076,1909f56bfc062723c751e8b465ee728b)
Start importing Assets/Toon Furniture/Prefabs/Queen_Bed_1.prefab using Guid(10efb94c6bff2ac4ead891c26d371ef4) Importer(815301076,1909f56bfc062723c751e8b465ee728b)  -> (artifact id: 'f92296fc2f28761f053b5cef62368fd9') in 0.123662 seconds
  Import took 0.133400 seconds .

========================================================================
Received Import Request.
  Time since last request: 0.000752 seconds.
  path: Assets/Toon Furniture/Prefabs/House_Plant_1.prefab
  artifactKey: Guid(65b6f096056a3644389b3bda6c9e8a80) Importer(815301076,1909f56bfc062723c751e8b465ee728b)
Start importing Assets/Toon Furniture/Prefabs/House_Plant_1.prefab using Guid(65b6f096056a3644389b3bda6c9e8a80) Importer(815301076,1909f56bfc062723c751e8b465ee728b)  -> (artifact id: '951e44ef96a9fa38be3a07c5773a9e72') in 0.015081 seconds
  Import took 0.019653 seconds .

========================================================================
Received Import Request.
  Time since last request: 0.000103 seconds.
  path: Assets/Toon Furniture/Prefabs/CoffeTable_1.prefab
  artifactKey: Guid(0051796fd9b1ab54fbd13fdf8d2cd2bb) Importer(815301076,1909f56bfc062723c751e8b465ee728b)
Start importing Assets/Toon Furniture/Prefabs/CoffeTable_1.prefab using Guid(0051796fd9b1ab54fbd13fdf8d2cd2bb) Importer(815301076,1909f56bfc062723c751e8b465ee728b)  -> (artifact id: 'ec2e204d9fb54c48a694bb7bcc14462c') in 0.070830 seconds
  Import took 0.083806 seconds .

========================================================================
Received Import Request.
  Time since last request: 0.000464 seconds.
  path: Assets/Toon Furniture/Prefabs/Books_1_2.prefab
  artifactKey: Guid(4824839bd071a8147b3efd7538332d29) Importer(815301076,1909f56bfc062723c751e8b465ee728b)
Start importing Assets/Toon Furniture/Prefabs/Books_1_2.prefab using Guid(4824839bd071a8147b3efd7538332d29) Importer(815301076,1909f56bfc062723c751e8b465ee728b)  -> (artifact id: '69e336f39239470cb06c091c3b57b20b') in 0.011897 seconds
  Import took 0.020409 seconds .

========================================================================
Received Import Request.
  Time since last request: 0.000518 seconds.
  path: Assets/Toon Furniture/Prefabs/CoffeTable_2.prefab
  artifactKey: Guid(09782e9b245027943b80aeaafb397b6b) Importer(815301076,1909f56bfc062723c751e8b465ee728b)
Start importing Assets/Toon Furniture/Prefabs/CoffeTable_2.prefab using Guid(09782e9b245027943b80aeaafb397b6b) Importer(815301076,1909f56bfc062723c751e8b465ee728b)  -> (artifact id: '18a51b4553c658ea09a2b1edfc62a103') in 0.034391 seconds
  Import took 0.071614 seconds .

========================================================================
Received Import Request.
  Time since last request: 0.000484 seconds.
  path: Assets/Toon Furniture/Prefabs/Pillow_1.prefab
  artifactKey: Guid(1fcc8ec3f56125644a57945c32cc1946) Importer(815301076,1909f56bfc062723c751e8b465ee728b)
Start importing Assets/Toon Furniture/Prefabs/Pillow_1.prefab using Guid(1fcc8ec3f56125644a57945c32cc1946) Importer(815301076,1909f56bfc062723c751e8b465ee728b)  -> (artifact id: 'e35d575e6421460d283156af26afdeab') in 0.053677 seconds
  Import took 0.070130 seconds .

========================================================================
Received Import Request.
  Time since last request: 0.000706 seconds.
  path: Assets/Toon Furniture/Prefabs/BookCase_1.prefab
  artifactKey: Guid(2e56118484113a44faa3c8e83481b418) Importer(815301076,1909f56bfc062723c751e8b465ee728b)
Start importing Assets/Toon Furniture/Prefabs/BookCase_1.prefab using Guid(2e56118484113a44faa3c8e83481b418) Importer(815301076,1909f56bfc062723c751e8b465ee728b)  -> (artifact id: 'c6023dfe504c8339c9aa4dfe3b98948a') in 0.019787 seconds
  Import took 0.025518 seconds .

========================================================================
Received Import Request.
  Time since last request: 0.000515 seconds.
  path: Assets/Toon Furniture/Prefabs/CoffeTable_4.prefab
  artifactKey: Guid(76ad0c5c9efae324b940fda5e601d62c) Importer(815301076,1909f56bfc062723c751e8b465ee728b)
Start importing Assets/Toon Furniture/Prefabs/CoffeTable_4.prefab using Guid(76ad0c5c9efae324b940fda5e601d62c) Importer(815301076,1909f56bfc062723c751e8b465ee728b)  -> (artifact id: 'df4684470f16e7dd57d93854cf0df996') in 0.011397 seconds
  Import took 0.026801 seconds .

========================================================================
Received Import Request.
  Time since last request: 0.000795 seconds.
  path: Assets/Toon Furniture/Prefabs/Chair_1.prefab
  artifactKey: Guid(6f2b08c1ec2e79f4688cdc292da8ff85) Importer(815301076,1909f56bfc062723c751e8b465ee728b)
Start importing Assets/Toon Furniture/Prefabs/Chair_1.prefab using Guid(6f2b08c1ec2e79f4688cdc292da8ff85) Importer(815301076,1909f56bfc062723c751e8b465ee728b)  -> (artifact id: '55807de69e6850246801429bb7dec9a3') in 0.038225 seconds
  Import took 0.050879 seconds .

========================================================================
Received Import Request.
  Time since last request: 0.000467 seconds.
  path: Assets/Toon Furniture/Prefabs/ModularCounter_3.prefab
  artifactKey: Guid(e8e3d84b4df91a24892ed822cd330e12) Importer(815301076,1909f56bfc062723c751e8b465ee728b)
Start importing Assets/Toon Furniture/Prefabs/ModularCounter_3.prefab using Guid(e8e3d84b4df91a24892ed822cd330e12) Importer(815301076,1909f56bfc062723c751e8b465ee728b)  -> (artifact id: 'c441441a6e98559d1343bc0fe6712ad9') in 0.011174 seconds
  Import took 0.022120 seconds .

========================================================================
Received Import Request.
  Time since last request: 0.000741 seconds.
  path: Assets/Toon Furniture/Prefabs/Chair_7.prefab
  artifactKey: Guid(4ae30892f34ad334095085eacc4dcb7b) Importer(815301076,1909f56bfc062723c751e8b465ee728b)
Start importing Assets/Toon Furniture/Prefabs/Chair_7.prefab using Guid(4ae30892f34ad334095085eacc4dcb7b) Importer(815301076,1909f56bfc062723c751e8b465ee728b)  -> (artifact id: 'ac38ca2889325c9670b83d542048d677') in 0.022444 seconds
  Import took 0.037014 seconds .

========================================================================
Received Import Request.
  Time since last request: 0.000836 seconds.
  path: Assets/Toon Furniture/Prefabs/BookCase_2.prefab
  artifactKey: Guid(08a5f3a4f1a5afa47b54e6eddc350ddc) Importer(815301076,1909f56bfc062723c751e8b465ee728b)
Start importing Assets/Toon Furniture/Prefabs/BookCase_2.prefab using Guid(08a5f3a4f1a5afa47b54e6eddc350ddc) Importer(815301076,1909f56bfc062723c751e8b465ee728b)  -> (artifact id: 'a739a06bfa696703610742bd1d7f1f59') in 0.016872 seconds
  Import took 0.033125 seconds .

========================================================================
Received Import Request.
  Time since last request: 0.000473 seconds.
  path: Assets/Toon Furniture/Prefabs/Books_1_3.prefab
  artifactKey: Guid(1d01d3e47aa094e46a9b21e9bfe34386) Importer(815301076,1909f56bfc062723c751e8b465ee728b)
Start importing Assets/Toon Furniture/Prefabs/Books_1_3.prefab using Guid(1d01d3e47aa094e46a9b21e9bfe34386) Importer(815301076,1909f56bfc062723c751e8b465ee728b)  -> (artifact id: 'e6c04403bee0e262ef15698c78b021f1') in 0.008467 seconds
  Import took 0.037359 seconds .

========================================================================
Received Import Request.
  Time since last request: 0.000388 seconds.
  path: Assets/Toon Furniture/Prefabs/Counter_1_1.prefab
  artifactKey: Guid(2794e48d8bf5c7349b42f50bb23e5e4b) Importer(815301076,1909f56bfc062723c751e8b465ee728b)
Start importing Assets/Toon Furniture/Prefabs/Counter_1_1.prefab using Guid(2794e48d8bf5c7349b42f50bb23e5e4b) Importer(815301076,1909f56bfc062723c751e8b465ee728b)  -> (artifact id: '212dd877a9aaa17bd5a7cf7962263a99') in 0.073455 seconds
  Import took 0.079143 seconds .

========================================================================
Received Import Request.
  Time since last request: 0.000706 seconds.
  path: Assets/Toon Furniture/Prefabs/Couch_1.prefab
  artifactKey: Guid(57a32613b8338fb46b75889d19358690) Importer(815301076,1909f56bfc062723c751e8b465ee728b)
Start importing Assets/Toon Furniture/Prefabs/Couch_1.prefab using Guid(57a32613b8338fb46b75889d19358690) Importer(815301076,1909f56bfc062723c751e8b465ee728b)  -> (artifact id: '7dab1d567ffbddb0092c9ee05603b332') in 0.012748 seconds
  Import took 0.100661 seconds .

========================================================================
Received Import Request.
  Time since last request: 0.000546 seconds.
  path: Assets/Toon Furniture/Prefabs/Kitchen_Cabinet_1.prefab
  artifactKey: Guid(9a8e2ad0cc8923746b7b5ef3f7c34059) Importer(815301076,1909f56bfc062723c751e8b465ee728b)
Start importing Assets/Toon Furniture/Prefabs/Kitchen_Cabinet_1.prefab using Guid(9a8e2ad0cc8923746b7b5ef3f7c34059) Importer(815301076,1909f56bfc062723c751e8b465ee728b)  -> (artifact id: '77e738f14cfcb12511079c9eeb15c6d3') in 0.024475 seconds
  Import took 0.045127 seconds .

========================================================================
Received Import Request.
  Time since last request: 0.000723 seconds.
  path: Assets/Toon Furniture/Prefabs/Chair_2.prefab
  artifactKey: Guid(362911fc952a76e47a19b4e21bc4b183) Importer(815301076,1909f56bfc062723c751e8b465ee728b)
Start importing Assets/Toon Furniture/Prefabs/Chair_2.prefab using Guid(362911fc952a76e47a19b4e21bc4b183) Importer(815301076,1909f56bfc062723c751e8b465ee728b)  -> (artifact id: '3e4585ea700508ca2b276365f69c7130') in 0.033491 seconds
  Import took 0.040872 seconds .

========================================================================
Received Import Request.
  Time since last request: 0.004895 seconds.
  path: Assets/Toon Furniture/Prefabs/Chair_6.prefab
  artifactKey: Guid(90421e262216bf6428b4337235113ed2) Importer(815301076,1909f56bfc062723c751e8b465ee728b)
Start importing Assets/Toon Furniture/Prefabs/Chair_6.prefab using Guid(90421e262216bf6428b4337235113ed2) Importer(815301076,1909f56bfc062723c751e8b465ee728b)  -> (artifact id: 'd9659c60b9e7cca39621c317ebeec065') in 0.034723 seconds
  Import took 0.040230 seconds .

========================================================================
Received Import Request.
  Time since last request: 0.000464 seconds.
  path: Assets/Toon Furniture/Prefabs/Chair_8.prefab
  artifactKey: Guid(d6caea8253c81d34bb7c579c61127646) Importer(815301076,1909f56bfc062723c751e8b465ee728b)
Start importing Assets/Toon Furniture/Prefabs/Chair_8.prefab using Guid(d6caea8253c81d34bb7c579c61127646) Importer(815301076,1909f56bfc062723c751e8b465ee728b)  -> (artifact id: 'd825d071e0d22875e7b96fd6d8b6c96f') in 0.037571 seconds
  Import took 0.079010 seconds .

========================================================================
Received Import Request.
  Time since last request: 0.000186 seconds.
  path: Assets/Toon Furniture/Prefabs/Counter_2_1.prefab
  artifactKey: Guid(322de118bfa5ec4418f29255f2bdeac0) Importer(815301076,1909f56bfc062723c751e8b465ee728b)
Start importing Assets/Toon Furniture/Prefabs/Counter_2_1.prefab using Guid(322de118bfa5ec4418f29255f2bdeac0) Importer(815301076,1909f56bfc062723c751e8b465ee728b)  -> (artifact id: 'a7bf4af01a40dd9fadecb9ef54534218') in 0.027135 seconds
  Import took 0.041094 seconds .

========================================================================
Received Import Request.
  Time since last request: 0.001570 seconds.
  path: Assets/Toon Furniture/Prefabs/Headboard_1_2.prefab
  artifactKey: Guid(8a0b1c6fad6341742bc53e359b2eb97c) Importer(815301076,1909f56bfc062723c751e8b465ee728b)
Start importing Assets/Toon Furniture/Prefabs/Headboard_1_2.prefab using Guid(8a0b1c6fad6341742bc53e359b2eb97c) Importer(815301076,1909f56bfc062723c751e8b465ee728b)  -> (artifact id: 'e9d0edddfc36d26444e433c415f2b6f8') in 0.068667 seconds
  Import took 0.074336 seconds .

========================================================================
Received Import Request.
  Time since last request: 0.001371 seconds.
  path: Assets/Toon Furniture/Prefabs/Headboard_1_1.prefab
  artifactKey: Guid(1a63090d599e28043b9a0505fb2a3315) Importer(815301076,1909f56bfc062723c751e8b465ee728b)
Start importing Assets/Toon Furniture/Prefabs/Headboard_1_1.prefab using Guid(1a63090d599e28043b9a0505fb2a3315) Importer(815301076,1909f56bfc062723c751e8b465ee728b)  -> (artifact id: '5a0c8ba38d52b53021be6da438300c9e') in 0.038970 seconds
  Import took 0.063682 seconds .

========================================================================
Received Import Request.
  Time since last request: 6.254068 seconds.
  path: Assets/Toon Furniture/Prefabs/Refrigerator_1.prefab
  artifactKey: Guid(cae965229ed2dc64396613399ba974d4) Importer(815301076,1909f56bfc062723c751e8b465ee728b)
Start importing Assets/Toon Furniture/Prefabs/Refrigerator_1.prefab using Guid(cae965229ed2dc64396613399ba974d4) Importer(815301076,1909f56bfc062723c751e8b465ee728b)  -> (artifact id: '41969e1cad523bbde1918bdd861ddb53') in 0.011966 seconds
  Import took 0.022798 seconds .

========================================================================
Received Import Request.
  Time since last request: 0.000194 seconds.
  path: Assets/Toon Furniture/Prefabs/Toilet_1.prefab
  artifactKey: Guid(003efb3587f76014688a1190cee2c8c9) Importer(815301076,1909f56bfc062723c751e8b465ee728b)
Start importing Assets/Toon Furniture/Prefabs/Toilet_1.prefab using Guid(003efb3587f76014688a1190cee2c8c9) Importer(815301076,1909f56bfc062723c751e8b465ee728b)  -> (artifact id: 'c6fe421ea03b5e17271fc800d296e9e9') in 0.041044 seconds
  Import took 0.046518 seconds .

========================================================================
Received Import Request.
  Time since last request: 0.000394 seconds.
  path: Assets/Toon Furniture/Prefabs/Single_Bed_1.prefab
  artifactKey: Guid(21d9d51385e39804281f257f3a9bfab0) Importer(815301076,1909f56bfc062723c751e8b465ee728b)
Start importing Assets/Toon Furniture/Prefabs/Single_Bed_1.prefab using Guid(21d9d51385e39804281f257f3a9bfab0) Importer(815301076,1909f56bfc062723c751e8b465ee728b)  -> (artifact id: 'efc91b402960200f636082a8a74960df') in 0.120592 seconds
  Import took 0.145610 seconds .

========================================================================
Received Import Request.
  Time since last request: 0.000535 seconds.
  path: Assets/Toon Furniture/Prefabs/Table_1.prefab
  artifactKey: Guid(78c8d34799651084ca96701912d664dc) Importer(815301076,1909f56bfc062723c751e8b465ee728b)
Start importing Assets/Toon Furniture/Prefabs/Table_1.prefab using Guid(78c8d34799651084ca96701912d664dc) Importer(815301076,1909f56bfc062723c751e8b465ee728b)  -> (artifact id: '7ac80b9dccbda7579b316fc4e7043a6e') in 0.048913 seconds
  Import took 0.064603 seconds .

========================================================================
Received Import Request.
  Time since last request: 0.000441 seconds.
  path: Assets/Toon Furniture/Prefabs/Refrigerator_2.prefab
  artifactKey: Guid(7f58309ce166972478cee4c83a1c91cd) Importer(815301076,1909f56bfc062723c751e8b465ee728b)
Start importing Assets/Toon Furniture/Prefabs/Refrigerator_2.prefab using Guid(7f58309ce166972478cee4c83a1c91cd) Importer(815301076,1909f56bfc062723c751e8b465ee728b)  -> (artifact id: 'bc4bd286413875d6fd0adf9b10a3c755') in 0.057072 seconds
  Import took 0.067594 seconds .

========================================================================
Received Import Request.
  Time since last request: 0.000859 seconds.
  path: Assets/Toon Furniture/Prefabs/Sink_1.prefab
  artifactKey: Guid(59799fa2671678946a502e2ca01da4a6) Importer(815301076,1909f56bfc062723c751e8b465ee728b)
Start importing Assets/Toon Furniture/Prefabs/Sink_1.prefab using Guid(59799fa2671678946a502e2ca01da4a6) Importer(815301076,1909f56bfc062723c751e8b465ee728b)  -> (artifact id: '31058807742dab138345d7f777eb1289') in 0.138948 seconds
  Import took 0.163029 seconds .

========================================================================
Received Import Request.
  Time since last request: 0.005517 seconds.
  path: Assets/Toon Furniture/Prefabs/Vase_1.prefab
  artifactKey: Guid(dcca16ec28ac4b44aa6543de547345bb) Importer(815301076,1909f56bfc062723c751e8b465ee728b)
Start importing Assets/Toon Furniture/Prefabs/Vase_1.prefab using Guid(dcca16ec28ac4b44aa6543de547345bb) Importer(815301076,1909f56bfc062723c751e8b465ee728b)  -> (artifact id: 'ba577625fd3b8b827b4c92d2819bd64a') in 0.330209 seconds
  Import took 0.480369 seconds .

========================================================================
Received Import Request.
  Time since last request: 0.001148 seconds.
  path: Assets/Toon Furniture/Prefabs/Vase_2.prefab
  artifactKey: Guid(e82e7ed6a84cc6740b35f4cc13493d66) Importer(815301076,1909f56bfc062723c751e8b465ee728b)
Start importing Assets/Toon Furniture/Prefabs/Vase_2.prefab using Guid(e82e7ed6a84cc6740b35f4cc13493d66) Importer(815301076,1909f56bfc062723c751e8b465ee728b)  -> (artifact id: '290fa3dcd27ad2fc1574ae95bc30c6af') in 0.099227 seconds
  Import took 0.157614 seconds .

========================================================================
Received Import Request.
  Time since last request: 585.557690 seconds.
  path: Assets/Toon Furniture/Prefabs
  artifactKey: Guid(e7386da458e0dd34692fe7dabe25853b) Importer(815301076,1909f56bfc062723c751e8b465ee728b)
Start importing Assets/Toon Furniture/Prefabs using Guid(e7386da458e0dd34692fe7dabe25853b) Importer(815301076,1909f56bfc062723c751e8b465ee728b)  -> (artifact id: 'b8d865f188ed46c6564bc0b67f7a22d8') in 0.017174 seconds
  Import took 0.030029 seconds .

========================================================================
Received Import Request.
  Time since last request: 0.096916 seconds.
  path: Assets/Toon Furniture/Prefabs/Ball_1.prefab
  artifactKey: Guid(4945551f5e101604ab8cd71442e62a7e) Importer(815301076,1909f56bfc062723c751e8b465ee728b)
Start importing Assets/Toon Furniture/Prefabs/Ball_1.prefab using Guid(4945551f5e101604ab8cd71442e62a7e) Importer(815301076,1909f56bfc062723c751e8b465ee728b)  -> (artifact id: '40c7348c5bf10eef947ab6c0195b245a') in 2.284069 seconds
  Import took 2.298570 seconds .

========================================================================
Received Import Request.
  Time since last request: 0.000592 seconds.
  path: Assets/Toon Furniture/Prefabs/Books_1_1.prefab
  artifactKey: Guid(dd63c090f4a9ca84a90829fa533a1889) Importer(815301076,1909f56bfc062723c751e8b465ee728b)
Start importing Assets/Toon Furniture/Prefabs/Books_1_1.prefab using Guid(dd63c090f4a9ca84a90829fa533a1889) Importer(815301076,1909f56bfc062723c751e8b465ee728b)  -> (artifact id: 'f3ff9dbc2cb523cc356866dc918236ee') in 0.131843 seconds
  Import took 0.144478 seconds .

========================================================================
Received Import Request.
  Time since last request: 0.000254 seconds.
  path: Assets/Toon Furniture/Prefabs/CoffeTable_3.prefab
  artifactKey: Guid(84b3095a92ec27d448532647a747bbf9) Importer(815301076,1909f56bfc062723c751e8b465ee728b)
Start importing Assets/Toon Furniture/Prefabs/CoffeTable_3.prefab using Guid(84b3095a92ec27d448532647a747bbf9) Importer(815301076,1909f56bfc062723c751e8b465ee728b)  -> (artifact id: '5b8f3f577753300c83f28e90d04c6f70') in 0.115382 seconds
  Import took 0.123579 seconds .

========================================================================
Received Import Request.
  Time since last request: 0.000920 seconds.
  path: Assets/Toon Furniture/Prefabs/Chair_5.prefab
  artifactKey: Guid(094b1ce88c26fa145ae8b34a1712b67e) Importer(815301076,1909f56bfc062723c751e8b465ee728b)
Start importing Assets/Toon Furniture/Prefabs/Chair_5.prefab using Guid(094b1ce88c26fa145ae8b34a1712b67e) Importer(815301076,1909f56bfc062723c751e8b465ee728b)  -> (artifact id: '03a21223671aa9fb5a7f1c3e04e74e26') in 0.146543 seconds
  Import took 0.152882 seconds .

========================================================================
Received Import Request.
  Time since last request: 0.000532 seconds.
  path: Assets/Toon Furniture/Prefabs/Cooker_1.prefab
  artifactKey: Guid(c52450844cbe82d4b8e23d3c84431f3c) Importer(815301076,1909f56bfc062723c751e8b465ee728b)
Start importing Assets/Toon Furniture/Prefabs/Cooker_1.prefab using Guid(c52450844cbe82d4b8e23d3c84431f3c) Importer(815301076,1909f56bfc062723c751e8b465ee728b)  -> (artifact id: '5c6175cd4eb60fba633384d27adc6ce8') in 0.117309 seconds
  Import took 0.126472 seconds .

========================================================================
Received Import Request.
  Time since last request: 0.000573 seconds.
  path: Assets/Toon Furniture/Prefabs/Couch_2.prefab
  artifactKey: Guid(eb6a9e1981932144d8dfe0055c6c90f1) Importer(815301076,1909f56bfc062723c751e8b465ee728b)
Start importing Assets/Toon Furniture/Prefabs/Couch_2.prefab using Guid(eb6a9e1981932144d8dfe0055c6c90f1) Importer(815301076,1909f56bfc062723c751e8b465ee728b)  -> (artifact id: 'a29a875597a54f71bbb5c084ba956414') in 0.165883 seconds
  Import took 0.172085 seconds .

========================================================================
Received Import Request.
  Time since last request: 0.000556 seconds.
  path: Assets/Toon Furniture/Prefabs/Chair_4.prefab
  artifactKey: Guid(f4361284dc70ab044b5b3d136b00d8d1) Importer(815301076,1909f56bfc062723c751e8b465ee728b)
Start importing Assets/Toon Furniture/Prefabs/Chair_4.prefab using Guid(f4361284dc70ab044b5b3d136b00d8d1) Importer(815301076,1909f56bfc062723c751e8b465ee728b)  -> (artifact id: 'a9d85b8a64cb1a9a704cf7df2c7812de') in 0.141171 seconds
  Import took 0.148169 seconds .

========================================================================
Received Import Request.
  Time since last request: 0.001188 seconds.
  path: Assets/Toon Furniture/Prefabs/Chair_9.prefab
  artifactKey: Guid(b006dd3bb62abd14a83157791fb647ec) Importer(815301076,1909f56bfc062723c751e8b465ee728b)
Start importing Assets/Toon Furniture/Prefabs/Chair_9.prefab using Guid(b006dd3bb62abd14a83157791fb647ec) Importer(815301076,1909f56bfc062723c751e8b465ee728b)  -> (artifact id: 'ca850a29f59a7e24c96ec21b778f364f') in 0.142278 seconds
  Import took 0.151115 seconds .

========================================================================
Received Import Request.
  Time since last request: 0.000588 seconds.
  path: Assets/Toon Furniture/Prefabs/Books_1_4.prefab
  artifactKey: Guid(569b91127553a1041a6d6aa2e81bf80d) Importer(815301076,1909f56bfc062723c751e8b465ee728b)
Start importing Assets/Toon Furniture/Prefabs/Books_1_4.prefab using Guid(569b91127553a1041a6d6aa2e81bf80d) Importer(815301076,1909f56bfc062723c751e8b465ee728b)  -> (artifact id: '007e31036ad019322b3ce8452946ebfa') in 0.123425 seconds
  Import took 0.134383 seconds .

========================================================================
Received Import Request.
  Time since last request: 0.000513 seconds.
  path: Assets/Toon Furniture/Prefabs/Couch_3.prefab
  artifactKey: Guid(2145aca4677bd374bb41e3f80a5b53d6) Importer(815301076,1909f56bfc062723c751e8b465ee728b)
Start importing Assets/Toon Furniture/Prefabs/Couch_3.prefab using Guid(2145aca4677bd374bb41e3f80a5b53d6) Importer(815301076,1909f56bfc062723c751e8b465ee728b)  -> (artifact id: '29e3808b296be15f81411011b5ca7c9c') in 0.136507 seconds
  Import took 0.197836 seconds .

========================================================================
Received Import Request.
  Time since last request: 0.000266 seconds.
  path: Assets/Toon Furniture/Prefabs/Pilllow_2.prefab
  artifactKey: Guid(55ee4d169dfcc4b4484fd9ccd27b7764) Importer(815301076,1909f56bfc062723c751e8b465ee728b)
Start importing Assets/Toon Furniture/Prefabs/Pilllow_2.prefab using Guid(55ee4d169dfcc4b4484fd9ccd27b7764) Importer(815301076,1909f56bfc062723c751e8b465ee728b)  -> (artifact id: 'd4e8dd3b886a3d87cb62de2bbd1d684f') in 0.129535 seconds
  Import took 0.143290 seconds .

========================================================================
Received Import Request.
  Time since last request: 0.000519 seconds.
  path: Assets/Toon Furniture/Prefabs/Queen_Bed_2.prefab
  artifactKey: Guid(f4b6d9b5cf2500e419d8cb4fb82a84eb) Importer(815301076,1909f56bfc062723c751e8b465ee728b)
Start importing Assets/Toon Furniture/Prefabs/Queen_Bed_2.prefab using Guid(f4b6d9b5cf2500e419d8cb4fb82a84eb) Importer(815301076,1909f56bfc062723c751e8b465ee728b)  -> (artifact id: '9a0877d9da67e10c282efea7171e5ede') in 0.298169 seconds
  Import took 0.304600 seconds .

========================================================================
Received Import Request.
  Time since last request: 0.001532 seconds.
  path: Assets/Toon Furniture/Prefabs/Chair_3.prefab
  artifactKey: Guid(2bed2b2c0943e36459952282ba5f7292) Importer(815301076,1909f56bfc062723c751e8b465ee728b)
Start importing Assets/Toon Furniture/Prefabs/Chair_3.prefab using Guid(2bed2b2c0943e36459952282ba5f7292) Importer(815301076,1909f56bfc062723c751e8b465ee728b)  -> (artifact id: '544b8aa232b187b0d28cbf13bdd98f67') in 0.200339 seconds
  Import took 0.207330 seconds .

========================================================================
Received Import Request.
  Time since last request: 0.000719 seconds.
  path: Assets/Toon Furniture/Prefabs/Counter_2_2.prefab
  artifactKey: Guid(0b26924746d6cad4780f9d19829b95b3) Importer(815301076,1909f56bfc062723c751e8b465ee728b)
Start importing Assets/Toon Furniture/Prefabs/Counter_2_2.prefab using Guid(0b26924746d6cad4780f9d19829b95b3) Importer(815301076,1909f56bfc062723c751e8b465ee728b)  -> (artifact id: 'b96292cb25af1a3b81802a91c0b060ef') in 0.149549 seconds
  Import took 0.155560 seconds .

========================================================================
Received Import Request.
  Time since last request: 0.000544 seconds.
  path: Assets/Toon Furniture/Prefabs/Queen_Bed_1.prefab
  artifactKey: Guid(10efb94c6bff2ac4ead891c26d371ef4) Importer(815301076,1909f56bfc062723c751e8b465ee728b)
Start importing Assets/Toon Furniture/Prefabs/Queen_Bed_1.prefab using Guid(10efb94c6bff2ac4ead891c26d371ef4) Importer(815301076,1909f56bfc062723c751e8b465ee728b)  -> (artifact id: '65b5ed82c5519f7f713ae705fd36f11c') in 0.244111 seconds
  Import took 0.266443 seconds .

========================================================================
Received Import Request.
  Time since last request: 0.000191 seconds.
  path: Assets/Toon Furniture/Prefabs/House_Plant_1.prefab
  artifactKey: Guid(65b6f096056a3644389b3bda6c9e8a80) Importer(815301076,1909f56bfc062723c751e8b465ee728b)
Start importing Assets/Toon Furniture/Prefabs/House_Plant_1.prefab using Guid(65b6f096056a3644389b3bda6c9e8a80) Importer(815301076,1909f56bfc062723c751e8b465ee728b)  -> (artifact id: '1a323a1836ff9f21725cf2d0baf81efe') in 0.443504 seconds
  Import took 0.450964 seconds .

========================================================================
Received Import Request.
  Time since last request: 0.000765 seconds.
  path: Assets/Toon Furniture/Prefabs/CoffeTable_1.prefab
  artifactKey: Guid(0051796fd9b1ab54fbd13fdf8d2cd2bb) Importer(815301076,1909f56bfc062723c751e8b465ee728b)
Start importing Assets/Toon Furniture/Prefabs/CoffeTable_1.prefab using Guid(0051796fd9b1ab54fbd13fdf8d2cd2bb) Importer(815301076,1909f56bfc062723c751e8b465ee728b)  -> (artifact id: 'f65c82b5816411391fd5847868183857') in 0.183321 seconds
  Import took 0.191818 seconds .

========================================================================
Received Import Request.
  Time since last request: 0.000217 seconds.
  path: Assets/Toon Furniture/Prefabs/Books_1_2.prefab
  artifactKey: Guid(4824839bd071a8147b3efd7538332d29) Importer(815301076,1909f56bfc062723c751e8b465ee728b)
Start importing Assets/Toon Furniture/Prefabs/Books_1_2.prefab using Guid(4824839bd071a8147b3efd7538332d29) Importer(815301076,1909f56bfc062723c751e8b465ee728b)  -> (artifact id: '016f48bea2f4c963ee56fc0c7a514eb4') in 0.708204 seconds
  Import took 0.722416 seconds .

========================================================================
Received Import Request.
  Time since last request: 0.000594 seconds.
  path: Assets/Toon Furniture/Prefabs/CoffeTable_2.prefab
  artifactKey: Guid(09782e9b245027943b80aeaafb397b6b) Importer(815301076,1909f56bfc062723c751e8b465ee728b)
Start importing Assets/Toon Furniture/Prefabs/CoffeTable_2.prefab using Guid(09782e9b245027943b80aeaafb397b6b) Importer(815301076,1909f56bfc062723c751e8b465ee728b)  -> (artifact id: '8496eb7e700604d12219b17e2b58edfc') in 0.140583 seconds
  Import took 0.166528 seconds .

========================================================================
Received Import Request.
  Time since last request: 0.000845 seconds.
  path: Assets/Toon Furniture/Prefabs/Pillow_1.prefab
  artifactKey: Guid(1fcc8ec3f56125644a57945c32cc1946) Importer(815301076,1909f56bfc062723c751e8b465ee728b)
Start importing Assets/Toon Furniture/Prefabs/Pillow_1.prefab using Guid(1fcc8ec3f56125644a57945c32cc1946) Importer(815301076,1909f56bfc062723c751e8b465ee728b)  -> (artifact id: '8e122f76160b8b732102699b28dd64fb') in 0.137198 seconds
  Import took 0.148680 seconds .

========================================================================
Received Import Request.
  Time since last request: 0.000562 seconds.
  path: Assets/Toon Furniture/Prefabs/BookCase_1.prefab
  artifactKey: Guid(2e56118484113a44faa3c8e83481b418) Importer(815301076,1909f56bfc062723c751e8b465ee728b)
Start importing Assets/Toon Furniture/Prefabs/BookCase_1.prefab using Guid(2e56118484113a44faa3c8e83481b418) Importer(815301076,1909f56bfc062723c751e8b465ee728b)  -> (artifact id: '68483ce76e674dd65997a281349c4359') in 0.146983 seconds
  Import took 0.156367 seconds .

========================================================================
Received Import Request.
  Time since last request: 0.000928 seconds.
  path: Assets/Toon Furniture/Prefabs/CoffeTable_4.prefab
  artifactKey: Guid(76ad0c5c9efae324b940fda5e601d62c) Importer(815301076,1909f56bfc062723c751e8b465ee728b)
Start importing Assets/Toon Furniture/Prefabs/CoffeTable_4.prefab using Guid(76ad0c5c9efae324b940fda5e601d62c) Importer(815301076,1909f56bfc062723c751e8b465ee728b)  -> (artifact id: '9919dbdbea7dc2552719013fad1ac670') in 0.166491 seconds
  Import took 0.195987 seconds .

========================================================================
Received Import Request.
  Time since last request: 0.001316 seconds.
  path: Assets/Toon Furniture/Prefabs/Chair_1.prefab
  artifactKey: Guid(6f2b08c1ec2e79f4688cdc292da8ff85) Importer(815301076,1909f56bfc062723c751e8b465ee728b)
Start importing Assets/Toon Furniture/Prefabs/Chair_1.prefab using Guid(6f2b08c1ec2e79f4688cdc292da8ff85) Importer(815301076,1909f56bfc062723c751e8b465ee728b)  -> (artifact id: '20a1e0d7005f167bc6162fe85c8f0d41') in 0.137244 seconds
  Import took 0.153790 seconds .

========================================================================
Received Import Request.
  Time since last request: 0.000997 seconds.
  path: Assets/Toon Furniture/Prefabs/ModularCounter_3.prefab
  artifactKey: Guid(e8e3d84b4df91a24892ed822cd330e12) Importer(815301076,1909f56bfc062723c751e8b465ee728b)
Start importing Assets/Toon Furniture/Prefabs/ModularCounter_3.prefab using Guid(e8e3d84b4df91a24892ed822cd330e12) Importer(815301076,1909f56bfc062723c751e8b465ee728b)  -> (artifact id: '4fbab854d0ebaa3dbea9fa1f356964e6') in 0.223182 seconds
  Import took 0.231069 seconds .

========================================================================
Received Import Request.
  Time since last request: 0.000550 seconds.
  path: Assets/Toon Furniture/Prefabs/Chair_7.prefab
  artifactKey: Guid(4ae30892f34ad334095085eacc4dcb7b) Importer(815301076,1909f56bfc062723c751e8b465ee728b)
Start importing Assets/Toon Furniture/Prefabs/Chair_7.prefab using Guid(4ae30892f34ad334095085eacc4dcb7b) Importer(815301076,1909f56bfc062723c751e8b465ee728b)  -> (artifact id: '8af0d575787a91204b7cad71eb1e8291') in 0.154614 seconds
  Import took 0.166118 seconds .

========================================================================
Received Import Request.
  Time since last request: 0.000607 seconds.
  path: Assets/Toon Furniture/Prefabs/BookCase_2.prefab
  artifactKey: Guid(08a5f3a4f1a5afa47b54e6eddc350ddc) Importer(815301076,1909f56bfc062723c751e8b465ee728b)
Start importing Assets/Toon Furniture/Prefabs/BookCase_2.prefab using Guid(08a5f3a4f1a5afa47b54e6eddc350ddc) Importer(815301076,1909f56bfc062723c751e8b465ee728b)  -> (artifact id: '2d58d8c1adaeed6c188e1e095d065f9a') in 0.116003 seconds
  Import took 0.133970 seconds .

========================================================================
Received Import Request.
  Time since last request: 0.000740 seconds.
  path: Assets/Toon Furniture/Prefabs/Books_1_3.prefab
  artifactKey: Guid(1d01d3e47aa094e46a9b21e9bfe34386) Importer(815301076,1909f56bfc062723c751e8b465ee728b)
Start importing Assets/Toon Furniture/Prefabs/Books_1_3.prefab using Guid(1d01d3e47aa094e46a9b21e9bfe34386) Importer(815301076,1909f56bfc062723c751e8b465ee728b)  -> (artifact id: '8648ea51214dd2af471866658195e469') in 0.122679 seconds
  Import took 0.129987 seconds .

========================================================================
Received Import Request.
  Time since last request: 0.000726 seconds.
  path: Assets/Toon Furniture/Prefabs/Counter_1_1.prefab
  artifactKey: Guid(2794e48d8bf5c7349b42f50bb23e5e4b) Importer(815301076,1909f56bfc062723c751e8b465ee728b)
Start importing Assets/Toon Furniture/Prefabs/Counter_1_1.prefab using Guid(2794e48d8bf5c7349b42f50bb23e5e4b) Importer(815301076,1909f56bfc062723c751e8b465ee728b)  -> (artifact id: '50ec53d4b534a8713cbe7e8438b31422') in 0.157364 seconds
  Import took 0.166937 seconds .

========================================================================
Received Import Request.
  Time since last request: 0.000615 seconds.
  path: Assets/Toon Furniture/Prefabs/Couch_1.prefab
  artifactKey: Guid(57a32613b8338fb46b75889d19358690) Importer(815301076,1909f56bfc062723c751e8b465ee728b)
Start importing Assets/Toon Furniture/Prefabs/Couch_1.prefab using Guid(57a32613b8338fb46b75889d19358690) Importer(815301076,1909f56bfc062723c751e8b465ee728b)  -> (artifact id: '2b990efe2f648c9360125f4add93acc6') in 0.221914 seconds
  Import took 0.228901 seconds .

========================================================================
Received Import Request.
  Time since last request: 0.000628 seconds.
  path: Assets/Toon Furniture/Prefabs/Kitchen_Cabinet_1.prefab
  artifactKey: Guid(9a8e2ad0cc8923746b7b5ef3f7c34059) Importer(815301076,1909f56bfc062723c751e8b465ee728b)
Start importing Assets/Toon Furniture/Prefabs/Kitchen_Cabinet_1.prefab using Guid(9a8e2ad0cc8923746b7b5ef3f7c34059) Importer(815301076,1909f56bfc062723c751e8b465ee728b)  -> (artifact id: 'aeaa1a29ae8c84247d1dd71a33512956') in 0.327969 seconds
  Import took 0.338496 seconds .

========================================================================
Received Import Request.
  Time since last request: 0.000643 seconds.
  path: Assets/Toon Furniture/Prefabs/Chair_2.prefab
  artifactKey: Guid(362911fc952a76e47a19b4e21bc4b183) Importer(815301076,1909f56bfc062723c751e8b465ee728b)
Start importing Assets/Toon Furniture/Prefabs/Chair_2.prefab using Guid(362911fc952a76e47a19b4e21bc4b183) Importer(815301076,1909f56bfc062723c751e8b465ee728b)  -> (artifact id: '1ad78d0b735b6d45f3e79aeb91db770c') in 0.141464 seconds
  Import took 0.159731 seconds .

========================================================================
Received Import Request.
  Time since last request: 0.001102 seconds.
  path: Assets/Toon Furniture/Prefabs/Chair_6.prefab
  artifactKey: Guid(90421e262216bf6428b4337235113ed2) Importer(815301076,1909f56bfc062723c751e8b465ee728b)
Start importing Assets/Toon Furniture/Prefabs/Chair_6.prefab using Guid(90421e262216bf6428b4337235113ed2) Importer(815301076,1909f56bfc062723c751e8b465ee728b)  -> (artifact id: '4a8b5894ab1023c9d63363ee72e348b7') in 0.164137 seconds
  Import took 0.170224 seconds .

========================================================================
Received Import Request.
  Time since last request: 0.000775 seconds.
  path: Assets/Toon Furniture/Prefabs/Chair_8.prefab
  artifactKey: Guid(d6caea8253c81d34bb7c579c61127646) Importer(815301076,1909f56bfc062723c751e8b465ee728b)
Start importing Assets/Toon Furniture/Prefabs/Chair_8.prefab using Guid(d6caea8253c81d34bb7c579c61127646) Importer(815301076,1909f56bfc062723c751e8b465ee728b)  -> (artifact id: 'bc5bd4f42ac6a13ebab4889a99aa7871') in 0.157955 seconds
  Import took 0.166298 seconds .

========================================================================
Received Import Request.
  Time since last request: 0.000194 seconds.
  path: Assets/Toon Furniture/Prefabs/Counter_2_1.prefab
  artifactKey: Guid(322de118bfa5ec4418f29255f2bdeac0) Importer(815301076,1909f56bfc062723c751e8b465ee728b)
Start importing Assets/Toon Furniture/Prefabs/Counter_2_1.prefab using Guid(322de118bfa5ec4418f29255f2bdeac0) Importer(815301076,1909f56bfc062723c751e8b465ee728b)  -> (artifact id: '59d50f228b1b062ca620d9627e929316') in 0.148393 seconds
  Import took 0.157590 seconds .

========================================================================
Received Import Request.
  Time since last request: 0.000560 seconds.
  path: Assets/Toon Furniture/Prefabs/Headboard_1_2.prefab
  artifactKey: Guid(8a0b1c6fad6341742bc53e359b2eb97c) Importer(815301076,1909f56bfc062723c751e8b465ee728b)
Start importing Assets/Toon Furniture/Prefabs/Headboard_1_2.prefab using Guid(8a0b1c6fad6341742bc53e359b2eb97c) Importer(815301076,1909f56bfc062723c751e8b465ee728b)  -> (artifact id: '9daedb264b23da3e8391842b47e63efe') in 0.159222 seconds
  Import took 0.165632 seconds .

========================================================================
Received Import Request.
  Time since last request: 0.000790 seconds.
  path: Assets/Toon Furniture/Prefabs/Headboard_1_1.prefab
  artifactKey: Guid(1a63090d599e28043b9a0505fb2a3315) Importer(815301076,1909f56bfc062723c751e8b465ee728b)
Start importing Assets/Toon Furniture/Prefabs/Headboard_1_1.prefab using Guid(1a63090d599e28043b9a0505fb2a3315) Importer(815301076,1909f56bfc062723c751e8b465ee728b)  -> (artifact id: '9c5c1cee06640ae7293e7835135fab6a') in 0.167144 seconds
  Import took 0.175738 seconds .

========================================================================
Received Import Request.
  Time since last request: 0.243185 seconds.
  path: Assets/Toon Furniture/Prefabs/Refrigerator_1.prefab
  artifactKey: Guid(cae965229ed2dc64396613399ba974d4) Importer(815301076,1909f56bfc062723c751e8b465ee728b)
Start importing Assets/Toon Furniture/Prefabs/Refrigerator_1.prefab using Guid(cae965229ed2dc64396613399ba974d4) Importer(815301076,1909f56bfc062723c751e8b465ee728b)  -> (artifact id: 'eb0936aa776aa25a7fafb5fb953ea0b5') in 0.117650 seconds
  Import took 0.129622 seconds .

========================================================================
Received Import Request.
  Time since last request: 0.000713 seconds.
  path: Assets/Toon Furniture/Prefabs/Toilet_1.prefab
  artifactKey: Guid(003efb3587f76014688a1190cee2c8c9) Importer(815301076,1909f56bfc062723c751e8b465ee728b)
Start importing Assets/Toon Furniture/Prefabs/Toilet_1.prefab using Guid(003efb3587f76014688a1190cee2c8c9) Importer(815301076,1909f56bfc062723c751e8b465ee728b)  -> (artifact id: 'def3ea2cc396b51d4e484843dde72fc4') in 0.116699 seconds
  Import took 0.134844 seconds .

========================================================================
Received Import Request.
  Time since last request: 0.000234 seconds.
  path: Assets/Toon Furniture/Prefabs/Single_Bed_1.prefab
  artifactKey: Guid(21d9d51385e39804281f257f3a9bfab0) Importer(815301076,1909f56bfc062723c751e8b465ee728b)
Start importing Assets/Toon Furniture/Prefabs/Single_Bed_1.prefab using Guid(21d9d51385e39804281f257f3a9bfab0) Importer(815301076,1909f56bfc062723c751e8b465ee728b)  -> (artifact id: 'ab8dcc01897279e5c24a602178c36a22') in 0.223751 seconds
  Import took 0.229488 seconds .

========================================================================
Received Import Request.
  Time since last request: 0.000599 seconds.
  path: Assets/Toon Furniture/Prefabs/Table_1.prefab
  artifactKey: Guid(78c8d34799651084ca96701912d664dc) Importer(815301076,1909f56bfc062723c751e8b465ee728b)
Start importing Assets/Toon Furniture/Prefabs/Table_1.prefab using Guid(78c8d34799651084ca96701912d664dc) Importer(815301076,1909f56bfc062723c751e8b465ee728b)  -> (artifact id: 'f8180eb2394465496bf4d7d9063c7557') in 0.190478 seconds
  Import took 0.200458 seconds .

========================================================================
Received Import Request.
  Time since last request: 0.000681 seconds.
  path: Assets/Toon Furniture/Prefabs/Refrigerator_2.prefab
  artifactKey: Guid(7f58309ce166972478cee4c83a1c91cd) Importer(815301076,1909f56bfc062723c751e8b465ee728b)
Start importing Assets/Toon Furniture/Prefabs/Refrigerator_2.prefab using Guid(7f58309ce166972478cee4c83a1c91cd) Importer(815301076,1909f56bfc062723c751e8b465ee728b)  -> (artifact id: '07aba0056e9473cdf655c6b910f53bb9') in 0.146593 seconds
  Import took 0.153248 seconds .

========================================================================
Received Import Request.
  Time since last request: 0.009860 seconds.
  path: Assets/Toon Furniture/Prefabs/Sink_1.prefab
  artifactKey: Guid(59799fa2671678946a502e2ca01da4a6) Importer(815301076,1909f56bfc062723c751e8b465ee728b)
Start importing Assets/Toon Furniture/Prefabs/Sink_1.prefab using Guid(59799fa2671678946a502e2ca01da4a6) Importer(815301076,1909f56bfc062723c751e8b465ee728b)  -> (artifact id: '2351889559d0e975235ec27c7d7bc393') in 0.125150 seconds
  Import took 0.145711 seconds .

========================================================================
Received Import Request.
  Time since last request: 0.000730 seconds.
  path: Assets/Toon Furniture/Prefabs/Vase_1.prefab
  artifactKey: Guid(dcca16ec28ac4b44aa6543de547345bb) Importer(815301076,1909f56bfc062723c751e8b465ee728b)
Start importing Assets/Toon Furniture/Prefabs/Vase_1.prefab using Guid(dcca16ec28ac4b44aa6543de547345bb) Importer(815301076,1909f56bfc062723c751e8b465ee728b)  -> (artifact id: '999ce19cb88e1e84f9318a728327319e') in 0.080468 seconds
  Import took 0.161632 seconds .

========================================================================
Received Import Request.
  Time since last request: 0.001106 seconds.
  path: Assets/Toon Furniture/Prefabs/Vase_2.prefab
  artifactKey: Guid(e82e7ed6a84cc6740b35f4cc13493d66) Importer(815301076,1909f56bfc062723c751e8b465ee728b)
Start importing Assets/Toon Furniture/Prefabs/Vase_2.prefab using Guid(e82e7ed6a84cc6740b35f4cc13493d66) Importer(815301076,1909f56bfc062723c751e8b465ee728b)  -> (artifact id: '456caa73348894312145441127c54559') in 0.093688 seconds
  Import took 0.106046 seconds .

========================================================================
Received Import Request.
  Time since last request: 158.744284 seconds.
  path: Assets/Scenes/SampleScene.unity
  artifactKey: Guid(9fc0d4010bbf28b4594072e72b8655ab) Importer(815301076,1909f56bfc062723c751e8b465ee728b)
Start importing Assets/Scenes/SampleScene.unity using Guid(9fc0d4010bbf28b4594072e72b8655ab) Importer(815301076,1909f56bfc062723c751e8b465ee728b)  -> (artifact id: '777e927d0b238e2cde0f6869e17df74c') in 0.006789 seconds
  Import took 0.013699 seconds .

========================================================================
Received Prepare
Refreshing native plugins compatible for Editor in 5.87 ms, found 0 plugins.
Preloading 0 native plugins for Editor in 0.00 ms.
Unloading 3 Unused Serialized files (Serialized files now loaded: 0)
System memory in use before: 42.3 MB.
System memory in use after: 42.4 MB.

Unloading 3 unused Assets to reduce memory usage. Loaded Objects now: 1911.
Total: 11.925500 ms (FindLiveObjects: 0.567200 ms CreateObjectMapping: 0.193300 ms MarkObjects: 10.981800 ms  DeleteObjects: 0.177400 ms)

AssetImportWorkerClient::OnTransportError - code=2 error=End of file
